Reading Layer Conversion File 
Reading DXF file...
NOTE: Replacing illegal character $ with X in SMOOTH_0$127.
NOTE: Replacing illegal character $ with X in SMOOTH_0$127.
NOTE: Replacing illegal character $ with X in SMOOTH_0$127.
NOTE: Replacing illegal character $ with X in SMOOTH_0$127.
NOTE: Replacing illegal character $ with X in DRIL_HOLE_1$1.
NOTE: Replacing illegal character $ with X in DRIL_HOLE_1$1.
NOTE: Replacing illegal character $ with X in DRIL_HOLE_1$6.
NOTE: Replacing illegal character $ with X in DRIL_HOLE_1$6.
NOTE: Replacing illegal character $ with X in DRIL_HOLE_4$1.
NOTE: Replacing illegal character $ with X in DRIL_HOLE_4$1.
NOTE: Replacing illegal character $ with X in SMOOTH_0$127.
NOTE: Replacing illegal character $ with X in SMOOTH_0$127.
NOTE: Replacing illegal character $ with X in SMOOTH_0$127.
NOTE: Replacing illegal character $ with X in SMOOTH_0$127.
NOTE: Replacing illegal character $ with X in DRIL_SYMBOL_1$1.
NOTE: Replacing illegal character $ with X in DRIL_SYMBOL_1$6.
NOTE: Replacing illegal character $ with X in DRIL_SYMBOL_4$1.
NOTE: Replacing illegal character $ with X in SMOOTH_0$127.
NOTE: Replacing illegal character $ with X in DRIL_HOLE_1$1.
NOTE: Replacing illegal character $ with X in DRIL_SYMBOL_1$1.
NOTE: Replacing illegal character $ with X in DRIL_HOLE_1$6.
NOTE: Replacing illegal character $ with X in DRIL_SYMBOL_1$6.
NOTE: Replacing illegal character $ with X in DRIL_HOLE_4$1.
NOTE: Replacing illegal character $ with X in DRIL_SYMBOL_4$1.
done.
Layer conversion file: C:/Users/ShellAlbert/Desktop/AS0B821-S78B_l.cnv
DXF file: C:/Users/ShellAlbert/Desktop/AS0B821-S78B.dxf
BRD file: D:/MyWork/wuhuan/LaserSpy/LaserSpyBoardRevA/AllegroPCB/psm/#Taaaaaj20484.dra
Update existing design?: YES
Use default text?: YES
DXF units: MILLIMETERS
Design units: MILLIMETERS
Design precision: 4
dxf2a complete.
