(---------------------------------------------------------------------)
(                                                                     )
(    Refresh Padstack                                                 )
(                                                                     )
(    Drawing          : CD31-SMD-2P.dra                               )
(    Software Version : 17.2P019                                      )
(    Date/Time        : Sat Sep 01 18:10:33 2018                      )
(                                                                     )
(---------------------------------------------------------------------)


Sat Sep 01 18:10:33 2018				Page     1


------ Pad Stack Refresh Options ------

Input design  = 'D:/MyWork/wuhuan/LaserSpy/LaserSpyBoardRevA/AllegroPCB/psm/CD31-SMD-2P.dra'
Output design = ''
Reset symbol text and size locations   = 'NO'


------ Library Paths ------
PSMPATH =  . 
           symbols 
           .. 
           ../symbols 
           D:/MySoftSet/CadenceSPB172/Cadence/Cadence_SPB_17.2-2016/share/local/pcb/symbols 
           D:/MySoftSet/CadenceSPB172/Cadence/Cadence_SPB_17.2-2016/share/pcb/pcb_lib/symbols 
           D:/MySoftSet/CadenceSPB172/Cadence/Cadence_SPB_17.2-2016/share/pcb/allegrolib/symbols 
           D:/MyWork/wuhuan/LaserSpy/LaserSpyBoardRevA/AllegroPCB/psm/ 
           D:/MyWork/wuhuan/LaserSpy/LaserSpyBoardRevA/AllegroPCB/hole/ 

PADPATH =  . 
           symbols 
           .. 
           ../symbols 
           D:/MySoftSet/CadenceSPB172/Cadence/Cadence_SPB_17.2-2016/share/local/pcb/padstacks 
           D:/MySoftSet/CadenceSPB172/Cadence/Cadence_SPB_17.2-2016/share/pcb/pcb_lib/symbols 
           D:/MySoftSet/CadenceSPB172/Cadence/Cadence_SPB_17.2-2016/share/pcb/allegrolib/symbols 
           D:/MyWork/wuhuan/LaserSpy/LaserSpyBoardRevA/AllegroPCB/pad/ 
           D:/MyWork/wuhuan/LaserSpy/LaserSpyBoardRevA/AllegroPCB/via/ 
           D:/MyWork/wuhuan/LaserSpy/LaserSpyBoardRevA/AllegroPCB/hole/ 


------ Pad Stack Refresh Messages ------

'CD31_PIN'  pad stack refresh starting.

     'CD31_PIN'  pad stack refreshed successfully.
     
Completed refreshing all pad stacks successfully.
