(---------------------------------------------------------------------)
(                                                                     )
(    Create_devices LOG file                                          )
(                                                                     )
(    Drawing          : XS6.brd                                       )
(    Software Version : 17.4S017                                      )
(    Date/Time        : Fri Jun 16 08:28:11 2023                      )
(                                                                     )
(---------------------------------------------------------------------)



Device file 'D:/Privacy/FootprintLib/psm/usb_mini_ab_receptacle_miniusb-ab-sm_io_miniusb.txt': written successfully.
Device file 'D:/Privacy/FootprintLib/psm/connrcpt7x2sm_1_dip2x7_2p54_connrcpt7x2.txt': written successfully.
Device file 'D:/Privacy/FootprintLib/psm/connplug30x2_dip2x30_2p54_connplug30x2.txt': written successfully.
Device file 'D:/Privacy/FootprintLib/psm/smallr1_r0402_0rnc.txt': written successfully.
Device file 'D:/Privacy/FootprintLib/psm/testloop_tp_obl1_4x0_6_io_tpad_015.txt': written successfully.
Device file 'D:/Privacy/FootprintLib/psm/epcs1si8n_0_soic8_1p27_208mil_w25q16fvsig.txt': written successfully.
Device file 'D:/Privacy/FootprintLib/psm/xc6slx25ftg256_ftg256_s1s2s3s4s5s6s7_xc6slx25ftg256.txt': written successfully.
Device file 'D:/Privacy/FootprintLib/psm/k4s561632c-tc75_0_tsop54-400_w9812g6kh-6.txt': written successfully.
Device file 'D:/Privacy/FootprintLib/psm/fuse_f0805_400ma.txt': written successfully.
Device file 'D:/Privacy/FootprintLib/psm/ch340e_msop10_ch340e.txt': written successfully.
Device file 'D:/Privacy/FootprintLib/psm/smallr1_r0402_100r.txt': written successfully.
Device file 'D:/Privacy/FootprintLib/psm/smallr1_r0402_47k.txt': written successfully.
Device file 'D:/Privacy/FootprintLib/psm/smallr1_r0402_24k.txt': written successfully.
Device file 'D:/Privacy/FootprintLib/psm/smallr1_r0402_330r.txt': written successfully.
Device file 'D:/Privacy/FootprintLib/psm/smallr1_r0402_680r.txt': written successfully.
Device file 'D:/Privacy/FootprintLib/psm/oscillator_0_osc3225_tbd.txt': written successfully.
Device file 'D:/Privacy/FootprintLib/psm/cap_np_c0805_22uf63v.txt': written successfully.
Device file 'D:/Privacy/FootprintLib/psm/cap_np_c0805_10uf.txt': written successfully.
Device file 'D:/Privacy/FootprintLib/psm/smallr1_r0402_33r.txt': written successfully.
Device file 'D:/Privacy/FootprintLib/psm/smallr1_r0402_0r.txt': written successfully.
Device file 'D:/Privacy/FootprintLib/psm/cap_0_c0402_100nf.txt': written successfully.
Device file 'D:/Privacy/FootprintLib/psm/led_q0603_green.txt': written successfully.
Device file 'D:/Privacy/FootprintLib/psm/smallr1_r0402_1k.txt': written successfully.
Device file 'D:/Privacy/FootprintLib/psm/smallr1_r0402_1knc.txt': written successfully.
Device file 'D:/Privacy/FootprintLib/psm/switch_2_smd_3x4x2mm_fsmra2jh.txt': written successfully.
Device file 'D:/Privacy/FootprintLib/psm/ams1117_sot-223_ams1117-25.txt': written successfully.
Device file 'D:/Privacy/FootprintLib/psm/ams1117_sot-223_ams1117-12.txt': written successfully.
Device file 'D:/Privacy/FootprintLib/psm/oscillator_0_osc3225_50mhz.txt': written successfully.
Device file 'D:/Privacy/FootprintLib/psm/ams1117_sot-223_ams1117-33.txt': written successfully.
Device file 'D:/Privacy/FootprintLib/psm/cap_np_c0805_10uf10v.txt': written successfully.
Device file 'D:/Privacy/FootprintLib/psm/cap_np_c0402_100nf.txt': written successfully.

  Created device files: 31

